<?xml version="1.0" encoding="UTF-8"?>
<!-- Generated by org.testng.reporters.JUnitReportReporter -->
<testsuite hostname="WINCTRL-BKLIGP2" failures="0" tests="3" name="Module1_Test.Guru99_Insurance_TestNG_TestClass" time="62.933" errors="0" timestamp="2023-02-05T14:53:50 IST" skipped="0">
  <testcase classname="Module1_Test.Guru99_Insurance_TestNG_TestClass" name="getTitle" time="9.007"/>
  <system-out/>
  <testcase classname="Module1_Test.Guru99_Insurance_TestNG_TestClass" name="verifytEmailAddressofGuru99" time="22.353"/>
  <system-out/>
  <testcase classname="Module1_Test.Guru99_Insurance_TestNG_TestClass" name="CalculatePremium" time="31.573"/>
  <system-out/>
</testsuite> <!-- Module1_Test.Guru99_Insurance_TestNG_TestClass -->
